<?xml version="1.0" encoding="UTF-8"?>
<!-- Generated by org.testng.reporters.JUnitXMLReporter -->
<testsuite ignored="0" hostname="CO-IT023377" failures="0" tests="2" name="Error validations test" time="33.623" errors="0" timestamp="2024-07-31T20:17:04 COT">
  <testcase classname="org.dalvarez.tests.ErrorValidationsTest" name="failedLogin" time="0.765"/>
  <testcase classname="org.dalvarez.tests.ErrorValidationsTest" name="productErrorValidation" time="3.674"/>
</testsuite> <!-- Error validations test -->
